#
# There is insufficient memory for the Java Runtime Environment to continue.
# Native memory allocation (mmap) failed to map 58720256 bytes for G1 virtual space
# Possible reasons:
#   The system is out of physical RAM or swap space
#   The process is running with CompressedOops enabled, and the Java Heap may be blocking the growth of the native heap
# Possible solutions:
#   Reduce memory load on the system
#   Increase physical memory or swap space
#   Check if swap backing store is full
#   Decrease Java heap size (-Xmx/-Xms)
#   Decrease number of Java threads
#   Decrease Java thread stack sizes (-Xss)
#   Set larger code cache with -XX:ReservedCodeCacheSize=
#   JVM is running with Unscaled Compressed Oops mode in which the Java heap is
#     placed in the first 4GB address space. The Java Heap base address is the
#     maximum limit for the native heap growth. Please use -XX:HeapBaseMinAddress
#     to set the Java Heap base and to place the Java Heap above 4GB virtual address.
# This output file may be truncated or incomplete.
#
#  Out of Memory Error (os_windows.cpp:3530), pid=2036, tid=2664
#
# JRE version:  (18.0.1.1+2) (build )
# Java VM: Java HotSpot(TM) 64-Bit Server VM (18.0.1.1+2-6, mixed mode, sharing, tiered, compressed oops, compressed class ptrs, g1 gc, windows-amd64)
# No core dump will be written. Minidumps are not enabled by default on client versions of Windows
#

---------------  S U M M A R Y ------------

Command Line: -Dfile.encoding=UTF-8 -XX:+ShowCodeDetailsInExceptionMessages com.zoho.credit_card.Cardmanagement

Host: AMD PRO A4-3350B APU with Radeon R4 Graphics   , 4 cores, 3G,  Windows 10 , 64 bit Build 14393 (10.0.14393.0)
Time: Mon Aug 22 21:21:46 2022 India Standard Time elapsed time: 0.082219 seconds (0d 0h 0m 0s)

---------------  T H R E A D  ---------------

Current thread (0x000001dfa34f62c0):  JavaThread "Unknown thread" [_thread_in_vm, id=2664, stack(0x000000243a600000,0x000000243a700000)]

Stack: [0x000000243a600000,0x000000243a700000]
Native frames: (J=compiled Java code, j=interpreted, Vv=VM code, C=native code)
V  [jvm.dll+0x69887a]
V  [jvm.dll+0x7f38bd]
V  [jvm.dll+0x7f51ce]
V  [jvm.dll+0x7f5883]
V  [jvm.dll+0x25ca3f]
V  [jvm.dll+0x6957c9]
V  [jvm.dll+0x68a2fa]
V  [jvm.dll+0x321efb]
V  [jvm.dll+0x3298d6]
V  [jvm.dll+0x37e47e]
V  [jvm.dll+0x37e6af]
V  [jvm.dll+0x2f9c7a]
V  [jvm.dll+0x2facdd]
V  [jvm.dll+0x7c24f0]
V  [jvm.dll+0x38b801]
V  [jvm.dll+0x7a1203]
V  [jvm.dll+0x40d6bf]
V  [jvm.dll+0x40f091]
C  [jli.dll+0x526b]
C  [ucrtbase.dll+0x1cab0]
C  [KERNEL32.DLL+0x8364]
C  [ntdll.dll+0x670d1]


---------------  P R O C E S S  ---------------

Threads class SMR info:
_java_thread_list=0x00007ffb4817d550, length=0, elements={
}

Java Threads: ( => current thread )

Other Threads:
  0x000001dfa35314e0 WorkerThread "GC Thread#0" [stack: 0x000000243a700000,0x000000243a800000] [id=7744]
  0x000001dfa3539ed0 ConcurrentGCThread "G1 Main Marker" [stack: 0x000000243a800000,0x000000243a900000] [id=7444]
  0x000001dfa353a8c0 WorkerThread "G1 Conc#0" [stack: 0x000000243a900000,0x000000243aa00000] [id=680]

[error occurred during error reporting (printing all threads), id 0xc0000005, EXCEPTION_ACCESS_VIOLATION (0xc0000005) at pc=0x00007ffb479aa217]

VM state: not at safepoint (not fully initialized)

VM Mutex/Monitor currently owned by a thread:  ([mutex/lock_event])
[0x000001dfa145b900] Heap_lock - owner thread: 0x000001dfa34f62c0

Heap address: 0x00000000c8800000, size: 888 MB, Compressed Oops mode: 32-bit

CDS archive(s) mapped at: [0x0000000000000000-0x0000000000000000-0x0000000000000000), size 0, SharedBaseAddress: 0x0000000800000000, ArchiveRelocationMode: 0.
Narrow klass base: 0x0000000000000000, Narrow klass shift: 0, Narrow klass range: 0x0

GC Precious Log:
 CardTable entry size: 512
 Card Set container configuration: InlinePtr #cards 5 size 8 Array Of Cards #cards 12 size 40 Howl #buckets 4 coarsen threshold 1843 Howl Bitmap #cards 512 size 80 coarsen threshold 460 Card regions per heap region 1 cards per card region 2048

Heap:
 garbage-first heap   total 0K, used 0K [0x00000000c8800000, 0x0000000100000000)
  region size 1024K, 0 young (0K), 0 survivors (0K)

[error occurred during error reporting (printing heap information), id 0xc0000005, EXCEPTION_ACCESS_VIOLATION (0xc0000005) at pc=0x00007ffb47d90cb9]

GC Heap History (0 events):
No events

Deoptimization events (0 events):
No events

Classes loaded (0 events):
No events

Classes unloaded (0 events):
No events

Classes redefined (0 events):
No events

Internal exceptions (0 events):
No events

VM Operations (0 events):
No events

Events (1 events):
Event: 0.035 Loaded shared library C:\Program Files\Java\jdk-18.0.1.1\bin\java.dll


Dynamic libraries:
0x00007ff77edb0000 - 0x00007ff77edc0000 	C:\Program Files\Java\jdk-18.0.1.1\bin\javaw.exe
0x00007ffb6c230000 - 0x00007ffb6c401000 	C:\Windows\SYSTEM32\ntdll.dll
0x00007ffb6a530000 - 0x00007ffb6a5db000 	C:\Windows\System32\KERNEL32.DLL
0x00007ffb69060000 - 0x00007ffb6927d000 	C:\Windows\System32\KERNELBASE.dll
0x00007ffb69560000 - 0x00007ffb69655000 	C:\Windows\System32\ucrtbase.dll
0x00007ffb62310000 - 0x00007ffb6232a000 	C:\Program Files\Java\jdk-18.0.1.1\bin\VCRUNTIME140.dll
0x00007ffb64360000 - 0x00007ffb64378000 	C:\Program Files\Java\jdk-18.0.1.1\bin\jli.dll
0x00007ffb69d50000 - 0x00007ffb69df2000 	C:\Windows\System32\ADVAPI32.dll
0x00007ffb69e00000 - 0x00007ffb69e9e000 	C:\Windows\System32\msvcrt.dll
0x00007ffb69ea0000 - 0x00007ffb69ef9000 	C:\Windows\System32\sechost.dll
0x00007ffb6a170000 - 0x00007ffb6a291000 	C:\Windows\System32\RPCRT4.dll
0x00007ffb6a300000 - 0x00007ffb6a465000 	C:\Windows\System32\USER32.dll
0x00007ffb69040000 - 0x00007ffb6905e000 	C:\Windows\System32\win32u.dll
0x00007ffb595c0000 - 0x00007ffb5983a000 	C:\Windows\WinSxS\amd64_microsoft.windows.common-controls_6595b64144ccf1df_6.0.14393.953_none_42151e83c686086b\COMCTL32.dll
0x00007ffb6c1f0000 - 0x00007ffb6c224000 	C:\Windows\System32\GDI32.dll
0x00007ffb6a5e0000 - 0x00007ffb6a8a8000 	C:\Windows\System32\combase.dll
0x00007ffb68720000 - 0x00007ffb688a2000 	C:\Windows\System32\gdi32full.dll
0x00007ffb69280000 - 0x00007ffb692ea000 	C:\Windows\System32\bcryptPrimitives.dll
0x00007ffb64ff0000 - 0x00007ffb64ffa000 	C:\Windows\SYSTEM32\VERSION.dll
0x00007ffb69f60000 - 0x00007ffb69f8e000 	C:\Windows\System32\IMM32.DLL
0x00007ffb66690000 - 0x00007ffb6669c000 	C:\Program Files\Java\jdk-18.0.1.1\bin\vcruntime140_1.dll
0x00007ffb59160000 - 0x00007ffb591ed000 	C:\Program Files\Java\jdk-18.0.1.1\bin\msvcp140.dll
0x00007ffb476a0000 - 0x00007ffb482b0000 	C:\Program Files\Java\jdk-18.0.1.1\bin\server\jvm.dll
0x00007ffb6a470000 - 0x00007ffb6a478000 	C:\Windows\System32\PSAPI.DLL
0x00007ffb60190000 - 0x00007ffb60199000 	C:\Windows\SYSTEM32\WSOCK32.dll
0x00007ffb665a0000 - 0x00007ffb665c3000 	C:\Windows\SYSTEM32\WINMM.dll
0x00007ffb6a100000 - 0x00007ffb6a16a000 	C:\Windows\System32\WS2_32.dll
0x000001dfa1550000 - 0x000001dfa157b000 	C:\Windows\SYSTEM32\WINMMBASE.dll
0x00007ffb69710000 - 0x00007ffb69752000 	C:\Windows\System32\cfgmgr32.dll
0x00007ffb68690000 - 0x00007ffb6869f000 	C:\Windows\System32\kernel.appcore.dll
0x00007ffb64f60000 - 0x00007ffb64f6a000 	C:\Program Files\Java\jdk-18.0.1.1\bin\jimage.dll
0x00007ffb5f3a0000 - 0x00007ffb5f532000 	C:\Windows\SYSTEM32\DBGHELP.DLL
0x00007ffb5f370000 - 0x00007ffb5f399000 	C:\Windows\SYSTEM32\dbgcore.DLL
0x00007ffb622e0000 - 0x00007ffb62305000 	C:\Program Files\Java\jdk-18.0.1.1\bin\java.dll

dbghelp: loaded successfully - version: 4.0.5 - missing functions: none
symbol engine: initialized successfully - sym options: 0x614 - pdb path: .;C:\Program Files\Java\jdk-18.0.1.1\bin;C:\Windows\SYSTEM32;C:\Windows\WinSxS\amd64_microsoft.windows.common-controls_6595b64144ccf1df_6.0.14393.953_none_42151e83c686086b;C:\Program Files\Java\jdk-18.0.1.1\bin\server

VM Arguments:
jvm_args: -Dfile.encoding=UTF-8 -XX:+ShowCodeDetailsInExceptionMessages 
java_command: com.zoho.credit_card.Cardmanagement
java_class_path (initial): E:\project\credit_card_management\bin;E:\project\postgresql-42.4.0.jar
Launcher Type: SUN_STANDARD

[Global flags]
     intx CICompilerCount                          = 3                                         {product} {ergonomic}
     uint ConcGCThreads                            = 1                                         {product} {ergonomic}
     uint G1ConcRefinementThreads                  = 4                                         {product} {ergonomic}
   size_t G1HeapRegionSize                         = 1048576                                   {product} {ergonomic}
    uintx GCDrainStackTargetSize                   = 64                                        {product} {ergonomic}
   size_t InitialHeapSize                          = 58720256                                  {product} {ergonomic}
   size_t MarkStackSize                            = 4194304                                   {product} {ergonomic}
   size_t MaxHeapSize                              = 931135488                                 {product} {ergonomic}
   size_t MinHeapDeltaBytes                        = 1048576                                   {product} {ergonomic}
   size_t MinHeapSize                              = 8388608                                   {product} {ergonomic}
    uintx NonNMethodCodeHeapSize                   = 5832780                                {pd product} {ergonomic}
    uintx NonProfiledCodeHeapSize                  = 122912730                              {pd product} {ergonomic}
    uintx ProfiledCodeHeapSize                     = 122912730                              {pd product} {ergonomic}
    uintx ReservedCodeCacheSize                    = 251658240                              {pd product} {ergonomic}
     bool SegmentedCodeCache                       = true                                      {product} {ergonomic}
     bool ShowCodeDetailsInExceptionMessages       = true                                   {manageable} {command line}
   size_t SoftMaxHeapSize                          = 931135488                              {manageable} {ergonomic}
     bool UseCompressedClassPointers               = true                           {product lp64_product} {ergonomic}
     bool UseCompressedOops                        = true                           {product lp64_product} {ergonomic}
     bool UseG1GC                                  = true                                      {product} {ergonomic}
     bool UseLargePagesIndividualAllocation        = false                                  {pd product} {ergonomic}

Logging:
Log output configuration:
 #0: stdout all=warning uptime,level,tags foldmultilines=false
 #1: stderr all=off uptime,level,tags foldmultilines=false

Environment Variables:
PATH=C:\Program Files\Common Files\Oracle\Java\javapath;C:\Windows\system32;C:\Windows;C:\Windows\System32\Wbem;C:\Windows\System32\WindowsPowerShell\v1.0\;C:\Program Files\Java\jdk-18.0.1.1\bin
USERNAME=Vasanth
OS=Windows_NT
PROCESSOR_IDENTIFIER=AMD64 Family 22 Model 48 Stepping 1, AuthenticAMD



---------------  S Y S T E M  ---------------

OS:
 Windows 10 , 64 bit Build 14393 (10.0.14393.0)
OS uptime: 31 days 23:30 hours

CPU: total 4 (initial active 4) (4 cores per cpu, 1 threads per core) family 22 model 48 stepping 1 microcode 0x7030105, cx8, cmov, fxsr, mmx, 3dnowpref, sse, sse2, sse3, ssse3, sse4a, sse4.1, sse4.2, popcnt, lzcnt, tsc, tscinvbit, avx, aes, clmul, bmi1, vzeroupper, clflush

Memory: 4k page, system-wide physical 3548M (844M free)
TotalPageFile size 5596M (AvailPageFile size 53M)
current process WorkingSet (physical memory assigned to process): 10M, peak: 10M
current process commit charge ("private bytes"): 51M, peak: 107M

vm_info: Java HotSpot(TM) 64-Bit Server VM (18.0.1.1+2-6) for windows-amd64 JRE (18.0.1.1+2-6), built on Apr 25 2022 21:53:15 by "mach5one" with MS VC++ 16.8 / 16.9 (VS2019)

END.
